<?xml version="1.0" encoding="UTF-8"?>
<!-- Generated by org.testng.reporters.JUnitXMLReporter -->
<testsuite hostname="LAPTOP-8R6AEQIU" ignored="0" name="Test(failed)" tests="3" failures="0" timestamp="2022-04-22T15:30:36 EDT" time="94.62" errors="0">
  <testcase name="Item" time="23.027" classname="selenium.Items"/>
  <testcase name="Account" time="12.092" classname="selenium.Accounting"/>
  <testcase name="upload" time="22.219" classname="selenium.Uploadbills"/>
</testsuite> <!-- Test(failed) -->
