<?xml version="1.0" encoding="UTF-8"?>
<testng-results skipped="0" failed="0" ignored="0" total="1" passed="1">
  <reporter-output>
  </reporter-output>
  <suite name="Default suite" duration-ms="38373" started-at="2022-09-13T10:52:11 EDT" finished-at="2022-09-13T10:52:49 EDT">
    <groups>
    </groups>
    <test name="Default test" duration-ms="38373" started-at="2022-09-13T10:52:11 EDT" finished-at="2022-09-13T10:52:49 EDT">
      <class name="quickbooks.QBBANksync">
        <test-method status="PASS" signature="setup()[pri:0, instance:quickbooks.QBBANksync@a38d7a3]" name="setup" is-config="true" duration-ms="4251" started-at="2022-09-13T10:52:11 EDT" finished-at="2022-09-13T10:52:15 EDT">
          <reporter-output>
          </reporter-output>
        </test-method> <!-- setup -->
        <test-method status="PASS" signature="Addbank()[pri:0, instance:quickbooks.QBBANksync@a38d7a3]" name="Addbank" duration-ms="23254" started-at="2022-09-13T10:52:15 EDT" finished-at="2022-09-13T10:52:38 EDT">
          <reporter-output>
          </reporter-output>
        </test-method> <!-- Addbank -->
        <test-method status="PASS" signature="teardown()[pri:0, instance:quickbooks.QBBANksync@a38d7a3]" name="teardown" is-config="true" duration-ms="10834" started-at="2022-09-13T10:52:38 EDT" finished-at="2022-09-13T10:52:49 EDT">
          <reporter-output>
          </reporter-output>
        </test-method> <!-- teardown -->
      </class> <!-- quickbooks.QBBANksync -->
    </test> <!-- Default test -->
  </suite> <!-- Default suite -->
</testng-results>
